# Logfile created on 2009-11-27 01:32:35 -0200 by logger.rb/20321
I, [2009-11-27T01:32:35.846287 #905]  INFO -- : localhost: querying host
I, [2009-11-27T01:32:35.850248 #905]  INFO -- : localhost: calculating variables
I, [2009-11-27T01:32:35.860995 #905]  INFO -- : localhost: calculating variables
I, [2009-11-27T01:32:35.861074 #905]  INFO -- : localhost: {results.inspect}
I, [2009-11-27T01:32:35.861119 #905]  INFO -- : localhost: executing rules
I, [2009-11-27T01:32:40.861450 #905]  INFO -- : localhost: querying host
I, [2009-11-27T01:32:40.868257 #905]  INFO -- : localhost: calculating variables
I, [2009-11-27T01:32:40.868505 #905]  INFO -- : localhost: calculating variables
I, [2009-11-27T01:32:40.868602 #905]  INFO -- : localhost: {results.inspect}
I, [2009-11-27T01:32:40.868678 #905]  INFO -- : localhost: executing rules
I, [2009-11-27T01:32:45.869147 #905]  INFO -- : localhost: querying host
I, [2009-11-27T01:32:45.875231 #905]  INFO -- : localhost: calculating variables
I, [2009-11-27T01:32:45.875495 #905]  INFO -- : localhost: calculating variables
I, [2009-11-27T01:32:45.875598 #905]  INFO -- : localhost: {results.inspect}
I, [2009-11-27T01:32:45.875677 #905]  INFO -- : localhost: executing rules
I, [2009-11-27T01:32:50.876161 #905]  INFO -- : localhost: querying host
I, [2009-11-27T01:32:50.882484 #905]  INFO -- : localhost: calculating variables
I, [2009-11-27T01:32:50.882809 #905]  INFO -- : localhost: calculating variables
I, [2009-11-27T01:32:50.882946 #905]  INFO -- : localhost: {results.inspect}
I, [2009-11-27T01:32:50.883066 #905]  INFO -- : localhost: executing rules
I, [2009-11-27T01:32:55.883600 #905]  INFO -- : localhost: querying host
I, [2009-11-27T01:32:55.890939 #905]  INFO -- : localhost: calculating variables
I, [2009-11-27T01:32:55.891221 #905]  INFO -- : localhost: calculating variables
I, [2009-11-27T01:32:55.891385 #905]  INFO -- : localhost: {results.inspect}
I, [2009-11-27T01:32:55.891524 #905]  INFO -- : localhost: executing rules
I, [2009-11-27T01:33:00.892176 #905]  INFO -- : localhost: querying host
I, [2009-11-27T01:33:00.907009 #905]  INFO -- : localhost: calculating variables
I, [2009-11-27T01:33:00.907451 #905]  INFO -- : localhost: calculating variables
I, [2009-11-27T01:33:00.907545 #905]  INFO -- : localhost: {results.inspect}
I, [2009-11-27T01:33:00.907587 #905]  INFO -- : localhost: executing rules
I, [2009-11-27T01:33:05.926382 #905]  INFO -- : localhost: querying host
I, [2009-11-27T01:33:05.933163 #905]  INFO -- : localhost: calculating variables
I, [2009-11-27T01:33:05.933401 #905]  INFO -- : localhost: calculating variables
I, [2009-11-27T01:33:05.933497 #905]  INFO -- : localhost: {results.inspect}
I, [2009-11-27T01:33:05.933559 #905]  INFO -- : localhost: executing rules
I, [2009-11-27T01:33:10.934142 #905]  INFO -- : localhost: querying host
I, [2009-11-27T01:33:10.940800 #905]  INFO -- : localhost: calculating variables
I, [2009-11-27T01:33:10.941043 #905]  INFO -- : localhost: calculating variables
I, [2009-11-27T01:33:10.941139 #905]  INFO -- : localhost: {results.inspect}
I, [2009-11-27T01:33:10.941200 #905]  INFO -- : localhost: executing rules
I, [2009-11-27T01:33:15.941760 #905]  INFO -- : localhost: querying host
I, [2009-11-27T01:33:15.948217 #905]  INFO -- : localhost: calculating variables
I, [2009-11-27T01:33:15.948458 #905]  INFO -- : localhost: calculating variables
I, [2009-11-27T01:33:15.948554 #905]  INFO -- : localhost: {results.inspect}
I, [2009-11-27T01:33:15.948616 #905]  INFO -- : localhost: executing rules
I, [2009-11-27T01:33:20.949185 #905]  INFO -- : localhost: querying host
I, [2009-11-27T01:33:20.955580 #905]  INFO -- : localhost: calculating variables
I, [2009-11-27T01:33:20.955820 #905]  INFO -- : localhost: calculating variables
I, [2009-11-27T01:33:20.955916 #905]  INFO -- : localhost: {results.inspect}
I, [2009-11-27T01:33:20.955977 #905]  INFO -- : localhost: executing rules
I, [2009-11-27T01:33:25.956449 #905]  INFO -- : localhost: querying host
I, [2009-11-27T01:33:25.962490 #905]  INFO -- : localhost: calculating variables
I, [2009-11-27T01:33:25.962724 #905]  INFO -- : localhost: calculating variables
I, [2009-11-27T01:33:25.963130 #905]  INFO -- : localhost: {results.inspect}
I, [2009-11-27T01:33:25.963194 #905]  INFO -- : localhost: executing rules
I, [2009-11-27T01:33:30.963738 #905]  INFO -- : localhost: querying host
I, [2009-11-27T01:33:30.970475 #905]  INFO -- : localhost: calculating variables
I, [2009-11-27T01:33:30.970714 #905]  INFO -- : localhost: calculating variables
I, [2009-11-27T01:33:30.970810 #905]  INFO -- : localhost: {results.inspect}
I, [2009-11-27T01:33:30.970871 #905]  INFO -- : localhost: executing rules
I, [2009-11-27T01:33:35.971331 #905]  INFO -- : localhost: querying host
I, [2009-11-27T01:33:35.977626 #905]  INFO -- : localhost: calculating variables
I, [2009-11-27T01:33:35.977868 #905]  INFO -- : localhost: calculating variables
I, [2009-11-27T01:33:35.977964 #905]  INFO -- : localhost: {results.inspect}
I, [2009-11-27T01:33:35.978025 #905]  INFO -- : localhost: executing rules
I, [2009-11-27T01:33:40.978645 #905]  INFO -- : localhost: querying host
I, [2009-11-27T01:33:40.985174 #905]  INFO -- : localhost: calculating variables
I, [2009-11-27T01:33:40.985415 #905]  INFO -- : localhost: calculating variables
I, [2009-11-27T01:33:40.985512 #905]  INFO -- : localhost: {results.inspect}
I, [2009-11-27T01:33:40.985572 #905]  INFO -- : localhost: executing rules
I, [2009-11-27T01:33:45.986054 #905]  INFO -- : localhost: querying host
I, [2009-11-27T01:33:45.992577 #905]  INFO -- : localhost: calculating variables
I, [2009-11-27T01:33:45.992826 #905]  INFO -- : localhost: calculating variables
I, [2009-11-27T01:33:45.992922 #905]  INFO -- : localhost: {results.inspect}
I, [2009-11-27T01:33:45.992982 #905]  INFO -- : localhost: executing rules
I, [2009-11-27T01:33:50.993561 #905]  INFO -- : localhost: querying host
I, [2009-11-27T01:33:51.000562 #905]  INFO -- : localhost: calculating variables
I, [2009-11-27T01:33:51.000846 #905]  INFO -- : localhost: calculating variables
I, [2009-11-27T01:33:51.000967 #905]  INFO -- : localhost: {results.inspect}
I, [2009-11-27T01:33:51.001029 #905]  INFO -- : localhost: executing rules
I, [2009-11-27T01:33:56.001673 #905]  INFO -- : localhost: querying host
I, [2009-11-27T01:33:56.007962 #905]  INFO -- : localhost: calculating variables
I, [2009-11-27T01:33:56.008203 #905]  INFO -- : localhost: calculating variables
I, [2009-11-27T01:33:56.008299 #905]  INFO -- : localhost: {results.inspect}
I, [2009-11-27T01:33:56.008375 #905]  INFO -- : localhost: executing rules
I, [2009-11-27T01:34:01.008943 #905]  INFO -- : localhost: querying host
I, [2009-11-27T01:34:01.026242 #905]  INFO -- : localhost: calculating variables
I, [2009-11-27T01:34:01.026500 #905]  INFO -- : localhost: calculating variables
I, [2009-11-27T01:34:01.026595 #905]  INFO -- : localhost: {results.inspect}
I, [2009-11-27T01:34:01.026656 #905]  INFO -- : localhost: executing rules
I, [2009-11-27T01:34:06.027231 #905]  INFO -- : localhost: querying host
I, [2009-11-27T01:34:06.033691 #905]  INFO -- : localhost: calculating variables
I, [2009-11-27T01:34:06.033929 #905]  INFO -- : localhost: calculating variables
I, [2009-11-27T01:34:06.034026 #905]  INFO -- : localhost: {results.inspect}
I, [2009-11-27T01:34:06.034087 #905]  INFO -- : localhost: executing rules
I, [2009-11-27T01:34:07.783133 #914]  INFO -- : localhost: querying host
I, [2009-11-27T01:34:07.797294 #914]  INFO -- : localhost: {"taxa"=>13, "uptime"=>697}
I, [2009-11-27T01:34:26.527857 #917]  INFO -- : localhost: querying host
I, [2009-11-27T01:34:26.542334 #917]  INFO -- : localhost: {"taxa"=>13, "uptime"=>716}
I, [2009-11-27T01:34:26.542615 #917]  INFO -- : localhost: host ok
I, [2009-11-27T01:34:31.542891 #917]  INFO -- : localhost: querying host
I, [2009-11-27T01:34:31.550011 #917]  INFO -- : localhost: {"taxa"=>5, "uptime"=>721}
I, [2009-11-27T01:34:31.550487 #917]  INFO -- : localhost: host ok
I, [2009-11-27T01:34:36.550786 #917]  INFO -- : localhost: querying host
I, [2009-11-27T01:34:36.557859 #917]  INFO -- : localhost: {"taxa"=>0, "uptime"=>726}
I, [2009-11-27T01:34:36.558318 #917]  INFO -- : localhost: host ok
I, [2009-11-27T01:34:41.558546 #917]  INFO -- : localhost: querying host
I, [2009-11-27T01:34:41.565597 #917]  INFO -- : localhost: {"taxa"=>0, "uptime"=>731}
I, [2009-11-27T01:34:41.566046 #917]  INFO -- : localhost: host ok
